android/app/build/outputs/logs/manifest-merger-debug-report.txt
-- Merging decision tree log ---
manifest
ADDED from src\main\AndroidManifest.xml:1:1-52:12
INJECTED from src\main\AndroidManifest.xml:1:1-52:12
INJECTED from src\main\AndroidManifest.xml:1:1-52:12
INJECTED from src\main\AndroidManifest.xml:1:1-52:12
MERGED from src\main\AndroidManifest.xml:1:1-52:12
MERGED from [:admob_flutter] AndroidManifest.xml:2:1-9:12
MERGED from [:flutter_youtube_downloader] AndroidManifest.xml:2:1-10:12
MERGED from [:native_admob_flutter] AndroidManifest.xml:2:1-9:12
MERGED from [:webview_flutter_android] AndroidManifest.xml:2:1-7:12
MERGED from [com.google.firebase:firebase-ads:19.1.0] AndroidManifest.xml:2:1-9:12
MERGED from [com.github.HaarigerHarald:android-youtubeExtractor:master-SNAPSHOT] AndroidManifest.xml:2:1-18:12
MERGED from [com.google.android.gms:play-services-ads:20.2.0] AndroidManifest.xml:17:1-25:12
MERGED from [androidx.webkit:webkit:1.0.0] AndroidManifest.xml:17:1-22:12
MERGED from [com.google.android.gms:play-services-ads-lite:20.2.0] AndroidManifest.xml:17:1-66:12
MERGED from [com.google.android.gms:play-services-ads-base:20.2.0] AndroidManifest.xml:2:1-9:12
MERGED from [com.google.android.ump:user-messaging-platform:1.0.0] AndroidManifest.xml:2:1-7:12
MERGED from [com.google.firebase:firebase-analytics:17.2.2] AndroidManifest.xml:2:1-9:12
MERGED from [com.google.android.gms:play-services-measurement:17.2.2] AndroidManifest.xml:17:1-55:12
MERGED from [com.google.android.gms:play-services-measurement-api:17.2.2] AndroidManifest.xml:17:1-36:12
MERGED from [com.google.android.gms:play-services-measurement-sdk:17.2.2] AndroidManifest.xml:17:1-25:12
MERGED from [com.google.android.gms:play-services-measurement-impl:17.2.2] AndroidManifest.xml:17:1-40:12
MERGED from [com.google.android.gms:play-services-ads-identifier:17.0.0] AndroidManifest.xml:17:1-24:12
MERGED from [com.google.firebase:firebase-iid:20.0.2] AndroidManifest.xml:17:1-47:12
MERGED from [com.google.firebase:firebase-common:19.3.0] AndroidManifest.xml:15:1-39:12
MERGED from [com.google.firebase:firebase-iid-interop:17.0.0] AndroidManifest.xml:2:1-10:12
MERGED from [com.google.android.gms:play-services-base:17.0.0] AndroidManifest.xml:17:1-29:12
MERGED from [com.google.android.gms:play-services-tasks:17.0.0] AndroidManifest.xml:2:1-9:12
MERGED from [com.google.android.gms:play-services-measurement-sdk-api:18.0.0] AndroidManifest.xml:17:1-27:12
MERGED from [com.google.android.gms:play-services-stats:17.0.0] AndroidManifest.xml:2:1-9:12
MERGED from [com.google.firebase:firebase-measurement-connector:18.0.0] AndroidManifest.xml:17:1-25:12
MERGED from [com.google.android.gms:play-services-measurement-base:18.0.0] AndroidManifest.xml:2:1-9:12
MERGED from [com.google.android.gms:play-services-basement:17.6.0] AndroidManifest.xml:17:1-28:12
MERGED from [com.github.evgenyneu:js-evaluator-for-android:v4.0.0] AndroidManifest.xml:2:1-16:12
MERGED from [androidx.appcompat:appcompat:1.0.0] AndroidManifest.xml:17:1-22:12
MERGED from [androidx.fragment:fragment:1.1.0] AndroidManifest.xml:17:1-24:12
MERGED from [androidx.activity:activity:1.0.0] AndroidManifest.xml:17:1-24:12
MERGED from [androidx.browser:browser:1.0.0] AndroidManifest.xml:17:1-22:12
MERGED from [androidx.vectordrawable:vectordrawable-animated:1.0.0] AndroidManifest.xml:17:1-22:12
MERGED from [androidx.legacy:legacy-support-core-ui:1.0.0] AndroidManifest.xml:17:1-22:12
MERGED from [androidx.viewpager:viewpager:1.0.0] AndroidManifest.xml:17:1-22:12
MERGED from [androidx.legacy:legacy-support-core-utils:1.0.0] AndroidManifest.xml:17:1-22:12
MERGED from [androidx.loader:loader:1.0.0] AndroidManifest.xml:17:1-22:12
MERGED from [androidx.work:work-runtime:2.1.0] AndroidManifest.xml:17:1-125:12
MERGED from [androidx.coordinatorlayout:coordinatorlayout:1.0.0] AndroidManifest.xml:17:1-22:12
MERGED from [androidx.drawerlayout:drawerlayout:1.0.0] AndroidManifest.xml:17:1-22:12
MERGED from [androidx.slidingpanelayout:slidingpanelayout:1.0.0] AndroidManifest.xml:17:1-22:12
MERGED from [androidx.customview:customview:1.0.0] AndroidManifest.xml:17:1-22:12
MERGED from [androidx.vectordrawable:vectordrawable:1.0.0] AndroidManifest.xml:17:1-22:12
MERGED from [androidx.swiperefreshlayout:swiperefreshlayout:1.0.0] AndroidManifest.xml:17:1-22:12
MERGED from [androidx.asynclayoutinflater:asynclayoutinflater:1.0.0] AndroidManifest.xml:17:1-22:12
MERGED from [androidx.room:room-runtime:2.1.0] AndroidManifest.xml:17:1-30:12
MERGED from [androidx.core:core:1.2.0] AndroidManifest.xml:17:1-26:12
MERGED from [androidx.lifecycle:lifecycle-service:2.0.0] AndroidManifest.xml:17:1-22:12
MERGED from [androidx.lifecycle:lifecycle-runtime:2.2.0] AndroidManifest.xml:17:1-24:12
MERGED from [androidx.savedstate:savedstate:1.0.0] AndroidManifest.xml:17:1-24:12
MERGED from [androidx.lifecycle:lifecycle-livedata:2.0.0] AndroidManifest.xml:17:1-22:12
MERGED from [androidx.lifecycle:lifecycle-livedata-core:2.0.0] AndroidManifest.xml:17:1-22:12
MERGED from [androidx.arch.core:core-runtime:2.0.1] AndroidManifest.xml:17:1-22:12
MERGED from [androidx.versionedparcelable:versionedparcelable:1.1.0] AndroidManifest.xml:17:1-27:12
MERGED from [androidx.interpolator:interpolator:1.0.0] AndroidManifest.xml:17:1-22:12
MERGED from [com.google.firebase:firebase-components:16.0.0] AndroidManifest.xml:15:1-23:12
MERGED from [androidx.lifecycle:lifecycle-viewmodel:2.1.0] AndroidManifest.xml:17:1-22:12
MERGED from [androidx.cursoradapter:cursoradapter:1.0.0] AndroidManifest.xml:17:1-22:12
MERGED from [androidx.documentfile:documentfile:1.0.0] AndroidManifest.xml:17:1-22:12
MERGED from [androidx.localbroadcastmanager:localbroadcastmanager:1.0.0] AndroidManifest.xml:17:1-22:12
MERGED from [androidx.print:print:1.0.0] AndroidManifest.xml:17:1-22:12
MERGED from [androidx.sqlite:sqlite-framework:2.0.1] AndroidManifest.xml:17:1-22:12
MERGED from [androidx.sqlite:sqlite:2.0.1] AndroidManifest.xml:17:1-22:12
INJECTED from src\debug\AndroidManifest.xml:1:1-7:12
INJECTED from src\debug\AndroidManifest.xml:1:1-7:12
INJECTED from src\debug\AndroidManifest.xml:1:1-7:12
	package
		ADDED from src\main\AndroidManifest.xml:3:5-35
		INJECTED from src\main\AndroidManifest.xml
		INJECTED from src\debug\AndroidManifest.xml
	android:versionName
		INJECTED from src\main\AndroidManifest.xml
		ADDED from src\main\AndroidManifest.xml:1:1-52:12
		INJECTED from src\debug\AndroidManifest.xml
	xmlns:tools
		ADDED from src\main\AndroidManifest.xml:2:5-51
		ADDED from src\main\AndroidManifest.xml:2:5-51
	android:versionCode
		INJECTED from src\main\AndroidManifest.xml
		ADDED from src\main\AndroidManifest.xml:1:1-52:12
		INJECTED from src\debug\AndroidManifest.xml
	xmlns:android
		ADDED from src\main\AndroidManifest.xml:1:11-69
application
ADDED from src\main\AndroidManifest.xml:4:4-51:19
MERGED from [com.google.firebase:firebase-ads:19.1.0] AndroidManifest.xml:7:5-20
MERGED from [com.google.firebase:firebase-ads:19.1.0] AndroidManifest.xml:7:5-20
MERGED from [com.github.HaarigerHarald:android-youtubeExtractor:master-SNAPSHOT] AndroidManifest.xml:13:5-16:19
MERGED from [com.github.HaarigerHarald:android-youtubeExtractor:master-SNAPSHOT] AndroidManifest.xml:13:5-16:19
MERGED from [com.google.android.gms:play-services-ads-lite:20.2.0] AndroidManifest.xml:45:5-64:19
MERGED from [com.google.android.gms:play-services-ads-lite:20.2.0] AndroidManifest.xml:45:5-64:19
MERGED from [com.google.android.gms:play-services-ads-base:20.2.0] AndroidManifest.xml:7:5-20
MERGED from [com.google.android.gms:play-services-ads-base:20.2.0] AndroidManifest.xml:7:5-20
MERGED from [com.google.firebase:firebase-analytics:17.2.2] AndroidManifest.xml:7:5-20
MERGED from [com.google.firebase:firebase-analytics:17.2.2] AndroidManifest.xml:7:5-20
MERGED from [com.google.android.gms:play-services-measurement:17.2.2] AndroidManifest.xml:28:5-53:19
MERGED from [com.google.android.gms:play-services-measurement:17.2.2] AndroidManifest.xml:28:5-53:19
MERGED from [com.google.android.gms:play-services-measurement-api:17.2.2] AndroidManifest.xml:26:5-34:19
MERGED from [com.google.android.gms:play-services-measurement-api:17.2.2] AndroidManifest.xml:26:5-34:19
MERGED from [com.google.android.gms:play-services-measurement-sdk:17.2.2] AndroidManifest.xml:22:5-23:19
MERGED from [com.google.android.gms:play-services-measurement-sdk:17.2.2] AndroidManifest.xml:22:5-23:19
MERGED from [com.google.android.gms:play-services-measurement-impl:17.2.2] AndroidManifest.xml:28:5-38:19
MERGED from [com.google.android.gms:play-services-measurement-impl:17.2.2] AndroidManifest.xml:28:5-38:19
MERGED from [com.google.android.gms:play-services-ads-identifier:17.0.0] AndroidManifest.xml:22:5-20
MERGED from [com.google.android.gms:play-services-ads-identifier:17.0.0] AndroidManifest.xml:22:5-20
MERGED from [com.google.firebase:firebase-iid:20.0.2] AndroidManifest.xml:28:5-45:19
MERGED from [com.google.firebase:firebase-iid:20.0.2] AndroidManifest.xml:28:5-45:19
MERGED from [com.google.firebase:firebase-common:19.3.0] AndroidManifest.xml:25:5-37:19
MERGED from [com.google.firebase:firebase-common:19.3.0] AndroidManifest.xml:25:5-37:19
MERGED from [com.google.firebase:firebase-iid-interop:17.0.0] AndroidManifest.xml:7:5-8:19
MERGED from [com.google.firebase:firebase-iid-interop:17.0.0] AndroidManifest.xml:7:5-8:19
MERGED from [com.google.android.gms:play-services-base:17.0.0] AndroidManifest.xml:22:5-27:19
MERGED from [com.google.android.gms:play-services-base:17.0.0] AndroidManifest.xml:22:5-27:19
MERGED from [com.google.android.gms:play-services-tasks:17.0.0] AndroidManifest.xml:7:5-20
MERGED from [com.google.android.gms:play-services-tasks:17.0.0] AndroidManifest.xml:7:5-20
MERGED from [com.google.android.gms:play-services-stats:17.0.0] AndroidManifest.xml:7:5-20
MERGED from [com.google.android.gms:play-services-stats:17.0.0] AndroidManifest.xml:7:5-20
MERGED from [com.google.firebase:firebase-measurement-connector:18.0.0] AndroidManifest.xml:22:5-23:19
MERGED from [com.google.firebase:firebase-measurement-connector:18.0.0] AndroidManifest.xml:22:5-23:19
MERGED from [com.google.android.gms:play-services-measurement-base:18.0.0] AndroidManifest.xml:7:5-20
MERGED from [com.google.android.gms:play-services-measurement-base:18.0.0] AndroidManifest.xml:7:5-20
MERGED from [com.google.android.gms:play-services-basement:17.6.0] AndroidManifest.xml:22:5-26:19
MERGED from [com.google.android.gms:play-services-basement:17.6.0] AndroidManifest.xml:22:5-26:19
MERGED from [com.github.evgenyneu:js-evaluator-for-android:v4.0.0] AndroidManifest.xml:11:5-14:19
MERGED from [com.github.evgenyneu:js-evaluator-for-android:v4.0.0] AndroidManifest.xml:11:5-14:19
MERGED from [androidx.work:work-runtime:2.1.0] AndroidManifest.xml:29:5-123:19
MERGED from [androidx.work:work-runtime:2.1.0] AndroidManifest.xml:29:5-123:19
MERGED from [androidx.room:room-runtime:2.1.0] AndroidManifest.xml:24:5-28:19
MERGED from [androidx.room:room-runtime:2.1.0] AndroidManifest.xml:24:5-28:19
MERGED from [androidx.core:core:1.2.0] AndroidManifest.xml:24:5-89
MERGED from [androidx.core:core:1.2.0] AndroidManifest.xml:24:5-89
MERGED from [androidx.versionedparcelable:versionedparcelable:1.1.0] AndroidManifest.xml:24:5-25:19
MERGED from [androidx.versionedparcelable:versionedparcelable:1.1.0] AndroidManifest.xml:24:5-25:19
	android:requestLegacyExternalStorage
		ADDED from src\main\AndroidManifest.xml:7:9-52
	android:appComponentFactory
		ADDED from [androidx.core:core:1.2.0] AndroidManifest.xml:24:18-86
	android:label
		ADDED from src\main\AndroidManifest.xml:5:9-33
		REJECTED from [com.github.HaarigerHarald:android-youtubeExtractor:master-SNAPSHOT] AndroidManifest.xml:15:9-41
		REJECTED from [com.github.evgenyneu:js-evaluator-for-android:v4.0.0] AndroidManifest.xml:13:9-41
	android:allowBackup
		ADDED from [com.github.HaarigerHarald:android-youtubeExtractor:master-SNAPSHOT] AndroidManifest.xml:14:9-35
	tools:replace
		ADDED from src\main\AndroidManifest.xml:6:9-38
activity#com.example.untitled.MainActivity
ADDED from src\main\AndroidManifest.xml:9:9-45:20
	android:launchMode
		ADDED from src\main\AndroidManifest.xml:11:13-43
	android:hardwareAccelerated
		ADDED from src\main\AndroidManifest.xml:14:13-47
	android:windowSoftInputMode
		ADDED from src\main\AndroidManifest.xml:15:13-55
	android:configChanges
		ADDED from src\main\AndroidManifest.xml:13:13-163
	android:theme
		ADDED from src\main\AndroidManifest.xml:12:13-47
	android:name
		ADDED from src\main\AndroidManifest.xml:10:13-41
meta-data#io.flutter.embedding.android.NormalTheme
ADDED from src\main\AndroidManifest.xml:20:13-23:17
	android:resource
		ADDED from src\main\AndroidManifest.xml:22:15-52
	android:name
		ADDED from src\main\AndroidManifest.xml:21:15-70
meta-data#io.flutter.embedding.android.SplashScreenDrawable
ADDED from src\main\AndroidManifest.xml:29:13-32:17
	android:resource
		ADDED from src\main\AndroidManifest.xml:31:15-61
	android:name
		ADDED from src\main\AndroidManifest.xml:30:15-79
intent-filter#action:name:android.intent.action.SEND+category:name:android.intent.category.DEFAULT+data:mimeType:text/plain
ADDED from src\main\AndroidManifest.xml:34:13-38:29
action#android.intent.action.SEND
ADDED from src\main\AndroidManifest.xml:35:17-69
	android:name
		ADDED from src\main\AndroidManifest.xml:35:25-66
category#android.intent.category.DEFAULT
ADDED from src\main\AndroidManifest.xml:36:17-76
	android:name
		ADDED from src\main\AndroidManifest.xml:36:27-73
data
ADDED from src\main\AndroidManifest.xml:37:17-55
	android:mimeType
		ADDED from src\main\AndroidManifest.xml:37:23-52
intent-filter#action:name:android.intent.action.MAIN+category:name:android.intent.category.LAUNCHER
ADDED from src\main\AndroidManifest.xml:41:13-44:29
action#android.intent.action.MAIN
ADDED from src\main\AndroidManifest.xml:42:17-68
	android:name
		ADDED from src\main\AndroidManifest.xml:42:25-66
category#android.intent.category.LAUNCHER
ADDED from src\main\AndroidManifest.xml:43:17-76
	android:name
		ADDED from src\main\AndroidManifest.xml:43:27-74
meta-data#flutterEmbedding
ADDED from src\main\AndroidManifest.xml:48:9-50:33
	android:value
		ADDED from src\main\AndroidManifest.xml:50:13-30
	android:name
		ADDED from src\main\AndroidManifest.xml:49:13-44
uses-sdk
INJECTED from src\main\AndroidManifest.xml reason: use-sdk injection requested
INJECTED from src\main\AndroidManifest.xml
INJECTED from src\main\AndroidManifest.xml
MERGED from [:admob_flutter] AndroidManifest.xml:5:5-44
MERGED from [:admob_flutter] AndroidManifest.xml:5:5-44
MERGED from [:flutter_youtube_downloader] AndroidManifest.xml:5:5-44
MERGED from [:flutter_youtube_downloader] AndroidManifest.xml:5:5-44
MERGED from [:native_admob_flutter] AndroidManifest.xml:5:5-44
MERGED from [:native_admob_flutter] AndroidManifest.xml:5:5-44
MERGED from [:webview_flutter_android] AndroidManifest.xml:5:5-44
MERGED from [:webview_flutter_android] AndroidManifest.xml:5:5-44
MERGED from [com.google.firebase:firebase-ads:19.1.0] AndroidManifest.xml:5:5-44
MERGED from [com.google.firebase:firebase-ads:19.1.0] AndroidManifest.xml:5:5-44
MERGED from [com.github.HaarigerHarald:android-youtubeExtractor:master-SNAPSHOT] AndroidManifest.xml:7:5-9:41
MERGED from [com.github.HaarigerHarald:android-youtubeExtractor:master-SNAPSHOT] AndroidManifest.xml:7:5-9:41
MERGED from [com.google.android.gms:play-services-ads:20.2.0] AndroidManifest.xml:21:5-23:52
MERGED from [com.google.android.gms:play-services-ads:20.2.0] AndroidManifest.xml:21:5-23:52
MERGED from [androidx.webkit:webkit:1.0.0] AndroidManifest.xml:20:5-44
MERGED from [androidx.webkit:webkit:1.0.0] AndroidManifest.xml:20:5-44
MERGED from [com.google.android.gms:play-services-ads-lite:20.2.0] AndroidManifest.xml:20:5-44
MERGED from [com.google.android.gms:play-services-ads-lite:20.2.0] AndroidManifest.xml:20:5-44
MERGED from [com.google.android.gms:play-services-ads-base:20.2.0] AndroidManifest.xml:5:5-44
MERGED from [com.google.android.gms:play-services-ads-base:20.2.0] AndroidManifest.xml:5:5-44
MERGED from [com.google.android.ump:user-messaging-platform:1.0.0] AndroidManifest.xml:5:5-44
MERGED from [com.google.android.ump:user-messaging-platform:1.0.0] AndroidManifest.xml:5:5-44
MERGED from [com.google.firebase:firebase-analytics:17.2.2] AndroidManifest.xml:5:5-44
MERGED from [com.google.firebase:firebase-analytics:17.2.2] AndroidManifest.xml:5:5-44
MERGED from [com.google.android.gms:play-services-measurement:17.2.2] AndroidManifest.xml:20:5-44
MERGED from [com.google.android.gms:play-services-measurement:17.2.2] AndroidManifest.xml:20:5-44
MERGED from [com.google.android.gms:play-services-measurement-api:17.2.2] AndroidManifest.xml:20:5-44
MERGED from [com.google.android.gms:play-services-measurement-api:17.2.2] AndroidManifest.xml:20:5-44
MERGED from [com.google.android.gms:play-services-measurement-sdk:17.2.2] AndroidManifest.xml:20:5-44
MERGED from [com.google.android.gms:play-services-measurement-sdk:17.2.2] AndroidManifest.xml:20:5-44
MERGED from [com.google.android.gms:play-services-measurement-impl:17.2.2] AndroidManifest.xml:20:5-44
MERGED from [com.google.android.gms:play-services-measurement-impl:17.2.2] AndroidManifest.xml:20:5-44
MERGED from [com.google.android.gms:play-services-ads-identifier:17.0.0] AndroidManifest.xml:20:5-44
MERGED from [com.google.android.gms:play-services-ads-identifier:17.0.0] AndroidManifest.xml:20:5-44
MERGED from [com.google.firebase:firebase-iid:20.0.2] AndroidManifest.xml:20:5-44
MERGED from [com.google.firebase:firebase-iid:20.0.2] AndroidManifest.xml:20:5-44
MERGED from [com.google.firebase:firebase-common:19.3.0] AndroidManifest.xml:20:5-22:41
MERGED from [com.google.firebase:firebase-common:19.3.0] AndroidManifest.xml:20:5-22:41
MERGED from [com.google.firebase:firebase-iid-interop:17.0.0] AndroidManifest.xml:5:5-44
MERGED from [com.google.firebase:firebase-iid-interop:17.0.0] AndroidManifest.xml:5:5-44
MERGED from [com.google.android.gms:play-services-base:17.0.0] AndroidManifest.xml:20:5-44
MERGED from [com.google.android.gms:play-services-base:17.0.0] AndroidManifest.xml:20:5-44
MERGED from [com.google.android.gms:play-services-tasks:17.0.0] AndroidManifest.xml:5:5-44
MERGED from [com.google.android.gms:play-services-tasks:17.0.0] AndroidManifest.xml:5:5-44
MERGED from [com.google.android.gms:play-services-measurement-sdk-api:18.0.0] AndroidManifest.xml:20:5-44
MERGED from [com.google.android.gms:play-services-measurement-sdk-api:18.0.0] AndroidManifest.xml:20:5-44
MERGED from [com.google.android.gms:play-services-stats:17.0.0] AndroidManifest.xml:5:5-44
MERGED from [com.google.android.gms:play-services-stats:17.0.0] AndroidManifest.xml:5:5-44
MERGED from [com.google.firebase:firebase-measurement-connector:18.0.0] AndroidManifest.xml:20:5-44
MERGED from [com.google.firebase:firebase-measurement-connector:18.0.0] AndroidManifest.xml:20:5-44
MERGED from [com.google.android.gms:play-services-measurement-base:18.0.0] AndroidManifest.xml:5:5-44
MERGED from [com.google.android.gms:play-services-measurement-base:18.0.0] AndroidManifest.xml:5:5-44
MERGED from [com.google.android.gms:play-services-basement:17.6.0] AndroidManifest.xml:20:5-44
MERGED from [com.google.android.gms:play-services-basement:17.6.0] AndroidManifest.xml:20:5-44
MERGED from [com.github.evgenyneu:js-evaluator-for-android:v4.0.0] AndroidManifest.xml:7:5-9:41
MERGED from [com.github.evgenyneu:js-evaluator-for-android:v4.0.0] AndroidManifest.xml:7:5-9:41
MERGED from [androidx.appcompat:appcompat:1.0.0] AndroidManifest.xml:20:5-44
MERGED from [androidx.appcompat:appcompat:1.0.0] AndroidManifest.xml:20:5-44
MERGED from [androidx.fragment:fragment:1.1.0] AndroidManifest.xml:20:5-22:41
MERGED from [androidx.fragment:fragment:1.1.0] AndroidManifest.xml:20:5-22:41
MERGED from [androidx.activity:activity:1.0.0] AndroidManifest.xml:20:5-22:41
MERGED from [androidx.activity:activity:1.0.0] AndroidManifest.xml:20:5-22:41
MERGED from [androidx.browser:browser:1.0.0] AndroidManifest.xml:20:5-44
MERGED from [androidx.browser:browser:1.0.0] AndroidManifest.xml:20:5-44
MERGED from [androidx.vectordrawable:vectordrawable-animated:1.0.0] AndroidManifest.xml:20:5-44
MERGED from [androidx.vectordrawable:vectordrawable-animated:1.0.0] AndroidManifest.xml:20:5-44
MERGED from [androidx.legacy:legacy-support-core-ui:1.0.0] AndroidManifest.xml:20:5-44
MERGED from [androidx.legacy:legacy-support-core-ui:1.0.0] AndroidManifest.xml:20:5-44
MERGED from [androidx.viewpager:viewpager:1.0.0] AndroidManifest.xml:20:5-44
MERGED from [androidx.viewpager:viewpager:1.0.0] AndroidManifest.xml:20:5-44
MERGED from [androidx.legacy:legacy-support-core-utils:1.0.0] AndroidManifest.xml:20:5-44
MERGED from [androidx.legacy:legacy-support-core-utils:1.0.0] AndroidManifest.xml:20:5-44
MERGED from [androidx.loader:loader:1.0.0] AndroidManifest.xml:20:5-44
MERGED from [androidx.loader:loader:1.0.0] AndroidManifest.xml:20:5-44
MERGED from [androidx.work:work-runtime:2.1.0] AndroidManifest.xml:21:5-23:41
MERGED from [androidx.work:work-runtime:2.1.0] AndroidManifest.xml:21:5-23:41
MERGED from [androidx.coordinatorlayout:coordinatorlayout:1.0.0] AndroidManifest.xml:20:5-44
MERGED from [androidx.coordinatorlayout:coordinatorlayout:1.0.0] AndroidManifest.xml:20:5-44
MERGED from [androidx.drawerlayout:drawerlayout:1.0.0] AndroidManifest.xml:20:5-44
MERGED from [androidx.drawerlayout:drawerlayout:1.0.0] AndroidManifest.xml:20:5-44
MERGED from [androidx.slidingpanelayout:slidingpanelayout:1.0.0] AndroidManifest.xml:20:5-44
MERGED from [androidx.slidingpanelayout:slidingpanelayout:1.0.0] AndroidManifest.xml:20:5-44
MERGED from [androidx.customview:customview:1.0.0] AndroidManifest.xml:20:5-44
MERGED from [androidx.customview:customview:1.0.0] AndroidManifest.xml:20:5-44
MERGED from [androidx.vectordrawable:vectordrawable:1.0.0] AndroidManifest.xml:20:5-44
MERGED from [androidx.vectordrawable:vectordrawable:1.0.0] AndroidManifest.xml:20:5-44
MERGED from [androidx.swiperefreshlayout:swiperefreshlayout:1.0.0] AndroidManifest.xml:20:5-44
MERGED from [androidx.swiperefreshlayout:swiperefreshlayout:1.0.0] AndroidManifest.xml:20:5-44
MERGED from [androidx.asynclayoutinflater:asynclayoutinflater:1.0.0] AndroidManifest.xml:20:5-44
MERGED from [androidx.asynclayoutinflater:asynclayoutinflater:1.0.0] AndroidManifest.xml:20:5-44
MERGED from [androidx.room:room-runtime:2.1.0] AndroidManifest.xml:20:5-22:41
MERGED from [androidx.room:room-runtime:2.1.0] AndroidManifest.xml:20:5-22:41
MERGED from [androidx.core:core:1.2.0] AndroidManifest.xml:20:5-22:41
MERGED from [androidx.core:core:1.2.0] AndroidManifest.xml:20:5-22:41
MERGED from [androidx.lifecycle:lifecycle-service:2.0.0] AndroidManifest.xml:20:5-44
MERGED from [androidx.lifecycle:lifecycle-service:2.0.0] AndroidManifest.xml:20:5-44
MERGED from [androidx.lifecycle:lifecycle-runtime:2.2.0] AndroidManifest.xml:20:5-22:41
MERGED from [androidx.lifecycle:lifecycle-runtime:2.2.0] AndroidManifest.xml:20:5-22:41
MERGED from [androidx.savedstate:savedstate:1.0.0] AndroidManifest.xml:20:5-22:41
MERGED from [androidx.savedstate:savedstate:1.0.0] AndroidManifest.xml:20:5-22:41
MERGED from [androidx.lifecycle:lifecycle-livedata:2.0.0] AndroidManifest.xml:20:5-44
MERGED from [androidx.lifecycle:lifecycle-livedata:2.0.0] AndroidManifest.xml:20:5-44
MERGED from [androidx.lifecycle:lifecycle-livedata-core:2.0.0] AndroidManifest.xml:20:5-44
MERGED from [androidx.lifecycle:lifecycle-livedata-core:2.0.0] AndroidManifest.xml:20:5-44
MERGED from [androidx.arch.core:core-runtime:2.0.1] AndroidManifest.xml:20:5-44
MERGED from [androidx.arch.core:core-runtime:2.0.1] AndroidManifest.xml:20:5-44
MERGED from [androidx.versionedparcelable:versionedparcelable:1.1.0] AndroidManifest.xml:20:5-22:41
MERGED from [androidx.versionedparcelable:versionedparcelable:1.1.0] AndroidManifest.xml:20:5-22:41
MERGED from [androidx.interpolator:interpolator:1.0.0] AndroidManifest.xml:20:5-44
MERGED from [androidx.interpolator:interpolator:1.0.0] AndroidManifest.xml:20:5-44
MERGED from [com.google.firebase:firebase-components:16.0.0] AndroidManifest.xml:19:5-21:41
MERGED from [com.google.firebase:firebase-components:16.0.0] AndroidManifest.xml:19:5-21:41
MERGED from [androidx.lifecycle:lifecycle-viewmodel:2.1.0] AndroidManifest.xml:20:5-44
MERGED from [androidx.lifecycle:lifecycle-viewmodel:2.1.0] AndroidManifest.xml:20:5-44
MERGED from [androidx.cursoradapter:cursoradapter:1.0.0] AndroidManifest.xml:20:5-44
MERGED from [androidx.cursoradapter:cursoradapter:1.0.0] AndroidManifest.xml:20:5-44
MERGED from [androidx.documentfile:documentfile:1.0.0] AndroidManifest.xml:20:5-44
MERGED from [androidx.documentfile:documentfile:1.0.0] AndroidManifest.xml:20:5-44
MERGED from [androidx.localbroadcastmanager:localbroadcastmanager:1.0.0] AndroidManifest.xml:20:5-44
MERGED from [androidx.localbroadcastmanager:localbroadcastmanager:1.0.0] AndroidManifest.xml:20:5-44
MERGED from [androidx.print:print:1.0.0] AndroidManifest.xml:20:5-44
MERGED from [androidx.print:print:1.0.0] AndroidManifest.xml:20:5-44
MERGED from [androidx.sqlite:sqlite-framework:2.0.1] AndroidManifest.xml:20:5-44
MERGED from [androidx.sqlite:sqlite-framework:2.0.1] AndroidManifest.xml:20:5-44
MERGED from [androidx.sqlite:sqlite:2.0.1] AndroidManifest.xml:20:5-44
MERGED from [androidx.sqlite:sqlite:2.0.1] AndroidManifest.xml:20:5-44
INJECTED from src\debug\AndroidManifest.xml
INJECTED from src\debug\AndroidManifest.xml
	tools:overrideLibrary
		ADDED from [com.google.android.gms:play-services-ads:20.2.0] AndroidManifest.xml:23:9-49
	android:targetSdkVersion
		INJECTED from src\main\AndroidManifest.xml
		INJECTED from src\debug\AndroidManifest.xml
	android:minSdkVersion
		INJECTED from src\main\AndroidManifest.xml
		INJECTED from src\debug\AndroidManifest.xml
uses-permission#android.permission.INTERNET
ADDED from src\debug\AndroidManifest.xml:6:5-66
MERGED from [:admob_flutter] AndroidManifest.xml:7:5-67
MERGED from [:admob_flutter] AndroidManifest.xml:7:5-67
MERGED from [:flutter_youtube_downloader] AndroidManifest.xml:8:5-67
MERGED from [:flutter_youtube_downloader] AndroidManifest.xml:8:5-67
MERGED from [:native_admob_flutter] AndroidManifest.xml:7:5-67
MERGED from [:native_admob_flutter] AndroidManifest.xml:7:5-67
MERGED from [com.github.HaarigerHarald:android-youtubeExtractor:master-SNAPSHOT] AndroidManifest.xml:11:5-67
MERGED from [com.github.HaarigerHarald:android-youtubeExtractor:master-SNAPSHOT] AndroidManifest.xml:11:5-67
MERGED from [com.google.android.gms:play-services-ads-lite:20.2.0] AndroidManifest.xml:23:5-67
MERGED from [com.google.android.gms:play-services-ads-lite:20.2.0] AndroidManifest.xml:23:5-67
MERGED from [com.google.android.gms:play-services-measurement:17.2.2] AndroidManifest.xml:23:5-67
MERGED from [com.google.android.gms:play-services-measurement:17.2.2] AndroidManifest.xml:23:5-67
MERGED from [com.google.android.gms:play-services-measurement-api:17.2.2] AndroidManifest.xml:22:5-67
MERGED from [com.google.android.gms:play-services-measurement-api:17.2.2] AndroidManifest.xml:22:5-67
MERGED from [com.google.android.gms:play-services-measurement-impl:17.2.2] AndroidManifest.xml:23:5-67
MERGED from [com.google.android.gms:play-services-measurement-impl:17.2.2] AndroidManifest.xml:23:5-67
MERGED from [com.google.firebase:firebase-iid:20.0.2] AndroidManifest.xml:23:5-67
MERGED from [com.google.firebase:firebase-iid:20.0.2] AndroidManifest.xml:23:5-67
MERGED from [com.google.android.gms:play-services-measurement-sdk-api:18.0.0] AndroidManifest.xml:23:5-67
MERGED from [com.google.android.gms:play-services-measurement-sdk-api:18.0.0] AndroidManifest.xml:23:5-67
	android:name
		ADDED from src\debug\AndroidManifest.xml:6:22-64
uses-permission#android.permission.WRITE_EXTERNAL_STORAGE
ADDED from [:flutter_youtube_downloader] AndroidManifest.xml:7:5-81
	android:name
		ADDED from [:flutter_youtube_downloader] AndroidManifest.xml:7:22-78
uses-permission#android.permission.READ_EXTERNAL_STORAGE
IMPLIED from src\debug\AndroidManifest.xml:1:1-7:12 reason: com.destinyed.flutter_youtube_downloader requested WRITE_EXTERNAL_STORAGE
uses-permission#android.permission.ACCESS_NETWORK_STATE
ADDED from [com.google.android.gms:play-services-ads-lite:20.2.0] AndroidManifest.xml:24:5-79
MERGED from [com.google.android.gms:play-services-measurement:17.2.2] AndroidManifest.xml:24:5-79
MERGED from [com.google.android.gms:play-services-measurement:17.2.2] AndroidManifest.xml:24:5-79
MERGED from [com.google.android.gms:play-services-measurement-api:17.2.2] AndroidManifest.xml:23:5-79
MERGED from [com.google.android.gms:play-services-measurement-api:17.2.2] AndroidManifest.xml:23:5-79
MERGED from [com.google.android.gms:play-services-measurement-impl:17.2.2] AndroidManifest.xml:24:5-79
MERGED from [com.google.android.gms:play-services-measurement-impl:17.2.2] AndroidManifest.xml:24:5-79
MERGED from [com.google.firebase:firebase-iid:20.0.2] AndroidManifest.xml:22:5-79
MERGED from [com.google.firebase:firebase-iid:20.0.2] AndroidManifest.xml:22:5-79
MERGED from [com.google.android.gms:play-services-measurement-sdk-api:18.0.0] AndroidManifest.xml:24:5-79
MERGED from [com.google.android.gms:play-services-measurement-sdk-api:18.0.0] AndroidManifest.xml:24:5-79
MERGED from [androidx.work:work-runtime:2.1.0] AndroidManifest.xml:26:5-79
MERGED from [androidx.work:work-runtime:2.1.0] AndroidManifest.xml:26:5-79
	android:name
		ADDED from [com.google.android.gms:play-services-ads-lite:20.2.0] AndroidManifest.xml:24:22-76
queries
ADDED from [com.google.android.gms:play-services-ads-lite:20.2.0] AndroidManifest.xml:27:5-43:15
intent#action:name:android.intent.action.VIEW+category:name:android.intent.category.BROWSABLE+data:scheme:https
ADDED from [com.google.android.gms:play-services-ads-lite:20.2.0] AndroidManifest.xml:30:9-36:18
action#android.intent.action.VIEW
ADDED from [com.google.android.gms:play-services-ads-lite:20.2.0] AndroidManifest.xml:31:13-65
	android:name